<?xml version="1.0" encoding="UTF-8"?>
<testsuites name="jest tests" tests="3" failures="0" time="2.245">
  <testsuite name="SplitModels" errors="0" failures="0" skipped="0" timestamp="2020-09-03T14:31:44" time="1.712" tests="1">
    <testcase classname="SplitModels generated file snapshots" name="SplitModels generated file snapshots" time="0.005">
    </testcase>
  </testsuite>
  <testsuite name="HttpServiceClient" errors="0" failures="0" skipped="0" timestamp="2020-09-03T14:31:44" time="1.711" tests="2">
    <testcase classname="HttpServiceClient testservice client snapshot" name="HttpServiceClient testservice client snapshot" time="0.005">
    </testcase>
    <testcase classname="HttpServiceClient testservice custom classes snapshot" name="HttpServiceClient testservice custom classes snapshot" time="0.001">
    </testcase>
  </testsuite>
</testsuites>